<?xml version="1.0" encoding="UTF-8"?>
<!-- Generated by org.testng.reporters.JUnitReportReporter -->
<testsuite hostname="DESKTOP-2KIHPCB" failures="0" tests="5" name="Testpackage.Testngbasics" time="0.017" errors="0" timestamp="2021-06-05T21:55:55 IST" skipped="0">
  <testcase classname="Testpackage.Testngbasics" name="demo2" time="0.001"/>
  <system-out/>
  <testcase classname="Testpackage.Testngbasics" name="demo3" time="0.003"/>
  <system-out/>
  <testcase classname="Testpackage.Testngbasics" name="demo1" time="0.002"/>
  <system-out/>
  <testcase classname="Testpackage.Testngbasics" name="HomeLoan" time="0.004"/>
  <system-out/>
  <testcase classname="Testpackage.Testngbasics" name="demo" time="0.007"/>
  <system-out/>
</testsuite> <!-- Testpackage.Testngbasics -->
