<?xml version="1.0" encoding="UTF-8"?>
<!-- Generated by org.testng.reporters.JUnitReportReporter -->
<testsuite hostname="DESKTOP-2KIHPCB" failures="0" tests="2" name="Testpackage.testbasic" time="0.011" errors="0" timestamp="2021-06-05T21:52:41 IST" skipped="0">
  <testcase classname="Testpackage.testbasic" name="carloan" time="0.001"/>
  <system-out/>
  <testcase classname="Testpackage.testbasic" name="car" time="0.010"/>
  <system-out/>
</testsuite> <!-- Testpackage.testbasic -->
